[ 2016-12-29T09:17:39+08:00 ] ::1 /ffhysc/
INFO: [ app_init ] --START--
INFO: Run Behavior\BuildLiteBehavior [ RunTime:0.000075s ]
INFO: [ app_init ] --END-- [ RunTime:0.001566s ]
INFO: [ app_begin ] --START--
INFO: Run Behavior\ReadHtmlCacheBehavior [ RunTime:0.001854s ]
INFO: [ app_begin ] --END-- [ RunTime:0.002251s ]
INFO: [ view_parse ] --START--
INFO: [ template_filter ] --START--
INFO: Run Behavior\ContentReplaceBehavior [ RunTime:0.000407s ]
INFO: [ template_filter ] --END-- [ RunTime:0.000893s ]
INFO: Run Behavior\ParseTemplateBehavior [ RunTime:0.060205s ]
INFO: [ view_parse ] --END-- [ RunTime:0.060791s ]
INFO: [ view_filter ] --START--
INFO: Run Behavior\WriteHtmlCacheBehavior [ RunTime:0.001657s ]
INFO: [ view_filter ] --END-- [ RunTime:0.002224s ]
INFO: [ app_end ] --START--
INFO: Run Behavior\ShowPageTraceBehavior [ RunTime:0.002165s ]
INFO: [ app_end ] --END-- [ RunTime:0.002638s ]

[ 2016-12-29T09:17:57+08:00 ] ::1 /ffhysc/
INFO: [ app_init ] --START--
INFO: Run Behavior\BuildLiteBehavior [ RunTime:0.000077s ]
INFO: [ app_init ] --END-- [ RunTime:0.001435s ]
INFO: [ app_begin ] --START--
INFO: Run Behavior\ReadHtmlCacheBehavior [ RunTime:0.001718s ]
INFO: [ app_begin ] --END-- [ RunTime:0.002110s ]
INFO: [ view_parse ] --START--
INFO: [ template_filter ] --START--
INFO: Run Behavior\ContentReplaceBehavior [ RunTime:0.000322s ]
INFO: [ template_filter ] --END-- [ RunTime:0.000674s ]
INFO: Run Behavior\ParseTemplateBehavior [ RunTime:0.021831s ]
INFO: [ view_parse ] --END-- [ RunTime:0.022182s ]
INFO: [ view_filter ] --START--
INFO: Run Behavior\WriteHtmlCacheBehavior [ RunTime:0.001295s ]
INFO: [ view_filter ] --END-- [ RunTime:0.001625s ]
INFO: [ app_end ] --START--
INFO: Run Behavior\ShowPageTraceBehavior [ RunTime:0.001924s ]
INFO: [ app_end ] --END-- [ RunTime:0.002436s ]

[ 2016-12-29T10:00:54+08:00 ] ::1 /ffhysc/index.php/index/register.html
INFO: [ app_init ] --START--
INFO: Run Behavior\BuildLiteBehavior [ RunTime:0.000074s ]
INFO: [ app_init ] --END-- [ RunTime:0.001472s ]
INFO: [ app_begin ] --START--
INFO: Run Behavior\ReadHtmlCacheBehavior [ RunTime:0.002903s ]
INFO: [ app_begin ] --END-- [ RunTime:0.003633s ]
INFO: [ view_parse ] --START--
INFO: [ template_filter ] --START--
INFO: Run Behavior\ContentReplaceBehavior [ RunTime:0.000968s ]
INFO: [ template_filter ] --END-- [ RunTime:0.001702s ]
INFO: Run Behavior\ParseTemplateBehavior [ RunTime:0.086705s ]
INFO: [ view_parse ] --END-- [ RunTime:0.087091s ]
INFO: [ view_filter ] --START--
INFO: Run Behavior\WriteHtmlCacheBehavior [ RunTime:0.001189s ]
INFO: [ view_filter ] --END-- [ RunTime:0.001513s ]
INFO: [ app_end ] --START--
INFO: Run Behavior\ShowPageTraceBehavior [ RunTime:0.003662s ]
INFO: [ app_end ] --END-- [ RunTime:0.004143s ]

[ 2016-12-29T10:00:56+08:00 ] ::1 /ffhysc/index.php/index/forget.html
INFO: [ app_init ] --START--
INFO: Run Behavior\BuildLiteBehavior [ RunTime:0.000149s ]
INFO: [ app_init ] --END-- [ RunTime:0.002972s ]
INFO: [ app_begin ] --START--
INFO: Run Behavior\ReadHtmlCacheBehavior [ RunTime:0.003330s ]
INFO: [ app_begin ] --END-- [ RunTime:0.004295s ]
INFO: [ view_parse ] --START--
INFO: [ template_filter ] --START--
INFO: Run Behavior\ContentReplaceBehavior [ RunTime:0.000328s ]
INFO: [ template_filter ] --END-- [ RunTime:0.000763s ]
INFO: Run Behavior\ParseTemplateBehavior [ RunTime:0.058479s ]
INFO: [ view_parse ] --END-- [ RunTime:0.059029s ]
INFO: [ view_filter ] --START--
INFO: Run Behavior\WriteHtmlCacheBehavior [ RunTime:0.001083s ]
INFO: [ view_filter ] --END-- [ RunTime:0.001408s ]
INFO: [ app_end ] --START--
INFO: Run Behavior\ShowPageTraceBehavior [ RunTime:0.002408s ]
INFO: [ app_end ] --END-- [ RunTime:0.002889s ]

[ 2016-12-29T10:01:10+08:00 ] ::1 /ffhysc/index.php/user/login.html
INFO: [ app_init ] --START--
INFO: Run Behavior\BuildLiteBehavior [ RunTime:0.000360s ]
INFO: [ app_init ] --END-- [ RunTime:0.003111s ]
INFO: [ app_begin ] --START--
INFO: Run Behavior\ReadHtmlCacheBehavior [ RunTime:0.002495s ]
INFO: [ app_begin ] --END-- [ RunTime:0.003029s ]
SQL: SHOW COLUMNS FROM `user` [ RunTime:0.0135s ]
SQL: SHOW COLUMNS FROM `user` [ RunTime:0.0102s ]
SQL: SHOW COLUMNS FROM `receive` [ RunTime:0.1376s ]
SQL: SELECT `id`,`password` FROM `user` WHERE `username` = 'huangxuanwei'  [ RunTime:0.0009s ]
SQL: SELECT `activeness` FROM `user` LIMIT 1   [ RunTime:0.0009s ]
SQL: UPDATE `user` SET `activeness`='5' WHERE ( id=4 ) [ RunTime:0.1648s ]
INFO: [ app_end ] --START--
INFO: Run Behavior\ShowPageTraceBehavior [ RunTime:0.002152s ]
INFO: [ app_end ] --END-- [ RunTime:0.002573s ]

[ 2016-12-29T10:01:10+08:00 ] ::1 /ffhysc/index.php/index/home.html
INFO: [ app_init ] --START--
INFO: Run Behavior\BuildLiteBehavior [ RunTime:0.000074s ]
INFO: [ app_init ] --END-- [ RunTime:0.001403s ]
INFO: [ app_begin ] --START--
INFO: Run Behavior\ReadHtmlCacheBehavior [ RunTime:0.002753s ]
INFO: [ app_begin ] --END-- [ RunTime:0.003537s ]
INFO: [ view_parse ] --START--
INFO: [ template_filter ] --START--
INFO: Run Behavior\ContentReplaceBehavior [ RunTime:0.000702s ]
INFO: [ template_filter ] --END-- [ RunTime:0.001070s ]
INFO: Run Behavior\ParseTemplateBehavior [ RunTime:0.086359s ]
INFO: [ view_parse ] --END-- [ RunTime:0.086851s ]
INFO: [ view_filter ] --START--
INFO: Run Behavior\WriteHtmlCacheBehavior [ RunTime:0.001445s ]
INFO: [ view_filter ] --END-- [ RunTime:0.001774s ]
INFO: [ app_end ] --START--
INFO: Run Behavior\ShowPageTraceBehavior [ RunTime:0.003096s ]
INFO: [ app_end ] --END-- [ RunTime:0.003760s ]

[ 2016-12-29T10:01:11+08:00 ] ::1 /ffhysc/index.php/ad/loadad.html
INFO: [ app_init ] --START--
INFO: Run Behavior\BuildLiteBehavior [ RunTime:0.000145s ]
INFO: [ app_init ] --END-- [ RunTime:0.002261s ]
INFO: [ app_begin ] --START--
INFO: Run Behavior\ReadHtmlCacheBehavior [ RunTime:0.002236s ]
INFO: [ app_begin ] --END-- [ RunTime:0.002889s ]
SQL: SHOW COLUMNS FROM `ad` [ RunTime:0.0116s ]
SQL: SHOW COLUMNS FROM `ad` [ RunTime:0.0132s ]
SQL: SELECT `img1`,`img2`,`img3` FROM `ad` WHERE `position` = 'home'  [ RunTime:0.1898s ]
INFO: [ app_end ] --START--
INFO: Run Behavior\ShowPageTraceBehavior [ RunTime:0.004216s ]
INFO: [ app_end ] --END-- [ RunTime:0.004966s ]

[ 2016-12-29T10:01:11+08:00 ] ::1 /ffhysc/index.php/goods/loadrecommend.html
INFO: [ app_init ] --START--
INFO: Run Behavior\BuildLiteBehavior [ RunTime:0.000149s ]
INFO: [ app_init ] --END-- [ RunTime:0.002189s ]
INFO: [ app_begin ] --START--
INFO: Run Behavior\ReadHtmlCacheBehavior [ RunTime:0.003715s ]
INFO: [ app_begin ] --END-- [ RunTime:0.004357s ]
SQL: SHOW COLUMNS FROM `goods` [ RunTime:0.0170s ]
SQL: SHOW COLUMNS FROM `goods` [ RunTime:0.0163s ]
SQL: SHOW COLUMNS FROM `service` [ RunTime:0.0178s ]
SQL: select * from Service order by monthlySale desc limit 0,5 [ RunTime:0.2433s ]
INFO: [ app_end ] --START--
INFO: Run Behavior\ShowPageTraceBehavior [ RunTime:0.006001s ]
INFO: [ app_end ] --END-- [ RunTime:0.006694s ]

[ 2016-12-29T10:01:13+08:00 ] ::1 /ffhysc/index.php/goods/loadrecommend.html
INFO: [ app_init ] --START--
INFO: Run Behavior\BuildLiteBehavior [ RunTime:0.000149s ]
INFO: [ app_init ] --END-- [ RunTime:0.002413s ]
INFO: [ app_begin ] --START--
INFO: Run Behavior\ReadHtmlCacheBehavior [ RunTime:0.003286s ]
INFO: [ app_begin ] --END-- [ RunTime:0.003909s ]
SQL: SHOW COLUMNS FROM `goods` [ RunTime:0.0168s ]
SQL: SHOW COLUMNS FROM `goods` [ RunTime:0.0164s ]
SQL: SHOW COLUMNS FROM `service` [ RunTime:0.0177s ]
SQL: select * from Goods order by monthlySale desc limit 0,5 [ RunTime:0.4812s ]
INFO: [ app_end ] --START--
INFO: Run Behavior\ShowPageTraceBehavior [ RunTime:0.003668s ]
INFO: [ app_end ] --END-- [ RunTime:0.004316s ]

[ 2016-12-29T10:01:13+08:00 ] ::1 /ffhysc/index.php/user/loadusermessage.html
INFO: [ app_init ] --START--
INFO: Run Behavior\BuildLiteBehavior [ RunTime:0.000150s ]
INFO: [ app_init ] --END-- [ RunTime:0.002000s ]
INFO: [ app_begin ] --START--
INFO: Run Behavior\ReadHtmlCacheBehavior [ RunTime:0.002045s ]
INFO: [ app_begin ] --END-- [ RunTime:0.002711s ]
SQL: SHOW COLUMNS FROM `user` [ RunTime:0.0146s ]
SQL: SHOW COLUMNS FROM `user` [ RunTime:0.0156s ]
SQL: SHOW COLUMNS FROM `receive` [ RunTime:0.0162s ]
SQL: SELECT * FROM `user` WHERE `id` = 4  [ RunTime:0.0014s ]
INFO: [ app_end ] --START--
INFO: Run Behavior\ShowPageTraceBehavior [ RunTime:0.002211s ]
INFO: [ app_end ] --END-- [ RunTime:0.002798s ]

[ 2016-12-29T10:01:13+08:00 ] ::1 /ffhysc/index.php/goods/loadservice.html
INFO: [ app_init ] --START--
INFO: Run Behavior\BuildLiteBehavior [ RunTime:0.000136s ]
INFO: [ app_init ] --END-- [ RunTime:0.002027s ]
INFO: [ app_begin ] --START--
INFO: Run Behavior\ReadHtmlCacheBehavior [ RunTime:0.001570s ]
INFO: [ app_begin ] --END-- [ RunTime:0.002134s ]
SQL: SHOW COLUMNS FROM `goods` [ RunTime:0.0151s ]
SQL: SHOW COLUMNS FROM `goods` [ RunTime:0.0170s ]
SQL: SHOW COLUMNS FROM `service` [ RunTime:0.0146s ]
SQL: SELECT * FROM `service` WHERE `serviceType` = 'huayike'  [ RunTime:0.0261s ]
INFO: [ app_end ] --START--
INFO: Run Behavior\ShowPageTraceBehavior [ RunTime:0.002725s ]
INFO: [ app_end ] --END-- [ RunTime:0.003457s ]

[ 2016-12-29T10:01:13+08:00 ] ::1 /ffhysc/index.php/goods/loadgoods.html
INFO: [ app_init ] --START--
INFO: Run Behavior\BuildLiteBehavior [ RunTime:0.000154s ]
INFO: [ app_init ] --END-- [ RunTime:0.002353s ]
INFO: [ app_begin ] --START--
INFO: Run Behavior\ReadHtmlCacheBehavior [ RunTime:0.002076s ]
INFO: [ app_begin ] --END-- [ RunTime:0.002552s ]
SQL: SHOW COLUMNS FROM `goods` [ RunTime:0.0144s ]
SQL: SHOW COLUMNS FROM `goods` [ RunTime:0.0151s ]
SQL: SHOW COLUMNS FROM `service` [ RunTime:0.0154s ]
SQL: SELECT * FROM `goods` WHERE `goodType` = 'huazhi'  [ RunTime:0.0451s ]
INFO: [ app_end ] --START--
INFO: Run Behavior\ShowPageTraceBehavior [ RunTime:0.005735s ]
INFO: [ app_end ] --END-- [ RunTime:0.006257s ]

[ 2016-12-29T10:01:13+08:00 ] ::1 /ffhysc/index.php/shopcart/countorderstatusnum.html
INFO: [ app_init ] --START--
INFO: Run Behavior\BuildLiteBehavior [ RunTime:0.000139s ]
INFO: [ app_init ] --END-- [ RunTime:0.002258s ]
INFO: [ app_begin ] --START--
INFO: Run Behavior\ReadHtmlCacheBehavior [ RunTime:0.003535s ]
INFO: [ app_begin ] --END-- [ RunTime:0.004199s ]
SQL: SHOW COLUMNS FROM `shopcart` [ RunTime:0.0656s ]
SQL: SHOW COLUMNS FROM `shopcart` [ RunTime:0.0136s ]
SQL: SHOW COLUMNS FROM `orders` [ RunTime:0.0152s ]
SQL: SHOW COLUMNS FROM `user` [ RunTime:0.0168s ]
SQL: SHOW COLUMNS FROM `receive` [ RunTime:0.0140s ]
SQL: select orderstatus,count(distinct orderid) as num  from orders where customerID="4" group by orderstatus [ RunTime:0.0680s ]
INFO: [ app_end ] --START--
INFO: Run Behavior\ShowPageTraceBehavior [ RunTime:0.002292s ]
INFO: [ app_end ] --END-- [ RunTime:0.002906s ]

[ 2016-12-29T10:01:36+08:00 ] ::1 /ffhysc/index.php/goods/loadgoods.html
INFO: [ app_init ] --START--
INFO: Run Behavior\BuildLiteBehavior [ RunTime:0.000169s ]
INFO: [ app_init ] --END-- [ RunTime:0.002531s ]
INFO: [ app_begin ] --START--
INFO: Run Behavior\ReadHtmlCacheBehavior [ RunTime:0.001478s ]
INFO: [ app_begin ] --END-- [ RunTime:0.001880s ]
SQL: SHOW COLUMNS FROM `goods` [ RunTime:0.0186s ]
SQL: SHOW COLUMNS FROM `goods` [ RunTime:0.0118s ]
SQL: SHOW COLUMNS FROM `service` [ RunTime:0.0109s ]
SQL: SELECT * FROM `goods` WHERE `goodType` = 'ganhua'  [ RunTime:0.0094s ]
INFO: [ app_end ] --START--
INFO: Run Behavior\ShowPageTraceBehavior [ RunTime:0.001459s ]
INFO: [ app_end ] --END-- [ RunTime:0.001768s ]

[ 2016-12-29T10:01:42+08:00 ] ::1 /ffhysc/index.php/goods/loadgoods.html
INFO: [ app_init ] --START--
INFO: Run Behavior\BuildLiteBehavior [ RunTime:0.000135s ]
INFO: [ app_init ] --END-- [ RunTime:0.002190s ]
INFO: [ app_begin ] --START--
INFO: Run Behavior\ReadHtmlCacheBehavior [ RunTime:0.001424s ]
INFO: [ app_begin ] --END-- [ RunTime:0.001762s ]
SQL: SHOW COLUMNS FROM `goods` [ RunTime:0.0170s ]
SQL: SHOW COLUMNS FROM `goods` [ RunTime:0.0146s ]
SQL: SHOW COLUMNS FROM `service` [ RunTime:0.0162s ]
SQL: SELECT * FROM `goods` WHERE `goodType` = 'huaqi'  [ RunTime:0.0096s ]
INFO: [ app_end ] --START--
INFO: Run Behavior\ShowPageTraceBehavior [ RunTime:0.001974s ]
INFO: [ app_end ] --END-- [ RunTime:0.002607s ]

[ 2016-12-29T10:01:42+08:00 ] ::1 /ffhysc/index.php/goods/loadgoods.html
INFO: [ app_init ] --START--
INFO: Run Behavior\BuildLiteBehavior [ RunTime:0.000073s ]
INFO: [ app_init ] --END-- [ RunTime:0.001258s ]
INFO: [ app_begin ] --START--
INFO: Run Behavior\ReadHtmlCacheBehavior [ RunTime:0.002855s ]
INFO: [ app_begin ] --END-- [ RunTime:0.003559s ]
SQL: SHOW COLUMNS FROM `goods` [ RunTime:0.0165s ]
SQL: SHOW COLUMNS FROM `goods` [ RunTime:0.0101s ]
SQL: SHOW COLUMNS FROM `service` [ RunTime:0.0097s ]
SQL: SELECT * FROM `goods` WHERE `goodType` = 'gongju'  [ RunTime:0.0183s ]
INFO: [ app_end ] --START--
INFO: Run Behavior\ShowPageTraceBehavior [ RunTime:0.002860s ]
INFO: [ app_end ] --END-- [ RunTime:0.004260s ]

[ 2016-12-29T10:01:43+08:00 ] ::1 /ffhysc/index.php/goods/loadgoods.html
INFO: [ app_init ] --START--
INFO: Run Behavior\BuildLiteBehavior [ RunTime:0.000072s ]
INFO: [ app_init ] --END-- [ RunTime:0.001251s ]
INFO: [ app_begin ] --START--
INFO: Run Behavior\ReadHtmlCacheBehavior [ RunTime:0.002982s ]
INFO: [ app_begin ] --END-- [ RunTime:0.004021s ]
SQL: SHOW COLUMNS FROM `goods` [ RunTime:0.0100s ]
SQL: SHOW COLUMNS FROM `goods` [ RunTime:0.0113s ]
SQL: SHOW COLUMNS FROM `service` [ RunTime:0.0141s ]
SQL: SELECT * FROM `goods` WHERE `goodType` = 'zhoubian'  [ RunTime:0.0299s ]
INFO: [ app_end ] --START--
INFO: Run Behavior\ShowPageTraceBehavior [ RunTime:0.003525s ]
INFO: [ app_end ] --END-- [ RunTime:0.004147s ]

[ 2016-12-29T10:01:45+08:00 ] ::1 /ffhysc/index.php/goods/loadgoods.html
INFO: [ app_init ] --START--
INFO: Run Behavior\BuildLiteBehavior [ RunTime:0.000125s ]
INFO: [ app_init ] --END-- [ RunTime:0.002354s ]
INFO: [ app_begin ] --START--
INFO: Run Behavior\ReadHtmlCacheBehavior [ RunTime:0.001550s ]
INFO: [ app_begin ] --END-- [ RunTime:0.001903s ]
SQL: SHOW COLUMNS FROM `goods` [ RunTime:0.0169s ]
SQL: SHOW COLUMNS FROM `goods` [ RunTime:0.0167s ]
SQL: SHOW COLUMNS FROM `service` [ RunTime:0.0131s ]
SQL: SELECT * FROM `goods` WHERE `goodType` = 'huazhi'  [ RunTime:0.0367s ]
INFO: [ app_end ] --START--
INFO: Run Behavior\ShowPageTraceBehavior [ RunTime:0.002914s ]
INFO: [ app_end ] --END-- [ RunTime:0.003486s ]

[ 2016-12-29T10:01:46+08:00 ] ::1 /ffhysc/index.php/goods/loadservice.html
INFO: [ app_init ] --START--
INFO: Run Behavior\BuildLiteBehavior [ RunTime:0.000075s ]
INFO: [ app_init ] --END-- [ RunTime:0.001369s ]
INFO: [ app_begin ] --START--
INFO: Run Behavior\ReadHtmlCacheBehavior [ RunTime:0.002559s ]
INFO: [ app_begin ] --END-- [ RunTime:0.003252s ]
SQL: SHOW COLUMNS FROM `goods` [ RunTime:0.0183s ]
SQL: SHOW COLUMNS FROM `goods` [ RunTime:0.0105s ]
SQL: SHOW COLUMNS FROM `service` [ RunTime:0.0097s ]
SQL: SELECT * FROM `service` WHERE `serviceType` = 'xunlianying'  [ RunTime:0.0155s ]
INFO: [ app_end ] --START--
INFO: Run Behavior\ShowPageTraceBehavior [ RunTime:0.004890s ]
INFO: [ app_end ] --END-- [ RunTime:0.005553s ]

[ 2016-12-29T10:01:47+08:00 ] ::1 /ffhysc/index.php/goods/loadservice.html
INFO: [ app_init ] --START--
INFO: Run Behavior\BuildLiteBehavior [ RunTime:0.000073s ]
INFO: [ app_init ] --END-- [ RunTime:0.001357s ]
INFO: [ app_begin ] --START--
INFO: Run Behavior\ReadHtmlCacheBehavior [ RunTime:0.002444s ]
INFO: [ app_begin ] --END-- [ RunTime:0.002978s ]
SQL: SHOW COLUMNS FROM `goods` [ RunTime:0.0157s ]
SQL: SHOW COLUMNS FROM `goods` [ RunTime:0.0123s ]
SQL: SHOW COLUMNS FROM `service` [ RunTime:0.0126s ]
SQL: SELECT * FROM `service` WHERE `serviceType` = 'huayike'  [ RunTime:0.0235s ]
INFO: [ app_end ] --START--
INFO: Run Behavior\ShowPageTraceBehavior [ RunTime:0.002506s ]
INFO: [ app_end ] --END-- [ RunTime:0.003080s ]

[ 2016-12-29T10:01:55+08:00 ] ::1 /ffhysc/index.php/shopcart/addtoshopcart.html
INFO: [ app_init ] --START--
INFO: Run Behavior\BuildLiteBehavior [ RunTime:0.000073s ]
INFO: [ app_init ] --END-- [ RunTime:0.001293s ]
INFO: [ app_begin ] --START--
INFO: Run Behavior\ReadHtmlCacheBehavior [ RunTime:0.004037s ]
INFO: [ app_begin ] --END-- [ RunTime:0.004714s ]
SQL: SHOW COLUMNS FROM `shopcart` [ RunTime:0.0140s ]
SQL: SHOW COLUMNS FROM `shopcart` [ RunTime:0.0122s ]
SQL: SHOW COLUMNS FROM `orders` [ RunTime:0.0121s ]
SQL: SHOW COLUMNS FROM `user` [ RunTime:0.0099s ]
SQL: SHOW COLUMNS FROM `receive` [ RunTime:0.0092s ]
SQL: SELECT * FROM `shopcart` WHERE `goodID` = '2' AND `customerID` = 4 LIMIT 1   [ RunTime:0.0007s ]
SQL: INSERT INTO `shopcart` (`goodID`,`customerID`) VALUES ('2','4') [ RunTime:0.1432s ]
INFO: [ app_end ] --START--
INFO: Run Behavior\ShowPageTraceBehavior [ RunTime:0.002084s ]
INFO: [ app_end ] --END-- [ RunTime:0.002460s ]

[ 2016-12-29T10:02:58+08:00 ] ::1 /ffhysc/index.php/index/home.html
INFO: [ app_init ] --START--
INFO: Run Behavior\BuildLiteBehavior [ RunTime:0.000145s ]
INFO: [ app_init ] --END-- [ RunTime:0.002447s ]
INFO: [ app_begin ] --START--
INFO: Run Behavior\ReadHtmlCacheBehavior [ RunTime:0.002111s ]
INFO: [ app_begin ] --END-- [ RunTime:0.002726s ]
INFO: [ view_parse ] --START--
INFO: [ template_filter ] --START--
INFO: Run Behavior\ContentReplaceBehavior [ RunTime:0.000981s ]
INFO: [ template_filter ] --END-- [ RunTime:0.001698s ]
INFO: Run Behavior\ParseTemplateBehavior [ RunTime:0.045669s ]
INFO: [ view_parse ] --END-- [ RunTime:0.047408s ]
INFO: [ view_filter ] --START--
INFO: Run Behavior\WriteHtmlCacheBehavior [ RunTime:0.001165s ]
INFO: [ view_filter ] --END-- [ RunTime:0.001486s ]
INFO: [ app_end ] --START--
INFO: Run Behavior\ShowPageTraceBehavior [ RunTime:0.005877s ]
INFO: [ app_end ] --END-- [ RunTime:0.006295s ]

[ 2016-12-29T10:02:59+08:00 ] ::1 /ffhysc/index.php/ad/loadad.html
INFO: [ app_init ] --START--
INFO: Run Behavior\BuildLiteBehavior [ RunTime:0.000155s ]
INFO: [ app_init ] --END-- [ RunTime:0.002588s ]
INFO: [ app_begin ] --START--
INFO: Run Behavior\ReadHtmlCacheBehavior [ RunTime:0.002588s ]
INFO: [ app_begin ] --END-- [ RunTime:0.003403s ]
SQL: SHOW COLUMNS FROM `ad` [ RunTime:0.0166s ]
SQL: SHOW COLUMNS FROM `ad` [ RunTime:0.0172s ]
SQL: SELECT `img1`,`img2`,`img3` FROM `ad` WHERE `position` = 'home'  [ RunTime:0.0102s ]
INFO: [ app_end ] --START--
INFO: Run Behavior\ShowPageTraceBehavior [ RunTime:0.002250s ]
INFO: [ app_end ] --END-- [ RunTime:0.002837s ]

[ 2016-12-29T10:02:59+08:00 ] ::1 /ffhysc/index.php/goods/loadrecommend.html
INFO: [ app_init ] --START--
INFO: Run Behavior\BuildLiteBehavior [ RunTime:0.000131s ]
INFO: [ app_init ] --END-- [ RunTime:0.002428s ]
INFO: [ app_begin ] --START--
INFO: Run Behavior\ReadHtmlCacheBehavior [ RunTime:0.002544s ]
INFO: [ app_begin ] --END-- [ RunTime:0.003162s ]
SQL: SHOW COLUMNS FROM `goods` [ RunTime:0.0153s ]
SQL: SHOW COLUMNS FROM `goods` [ RunTime:0.0151s ]
SQL: SHOW COLUMNS FROM `service` [ RunTime:0.0165s ]
SQL: select * from Service order by monthlySale desc limit 0,5 [ RunTime:0.0486s ]
INFO: [ app_end ] --START--
INFO: Run Behavior\ShowPageTraceBehavior [ RunTime:0.002278s ]
INFO: [ app_end ] --END-- [ RunTime:0.002933s ]

[ 2016-12-29T10:03:00+08:00 ] ::1 /ffhysc/index.php/goods/loadrecommend.html
INFO: [ app_init ] --START--
INFO: Run Behavior\BuildLiteBehavior [ RunTime:0.000136s ]
INFO: [ app_init ] --END-- [ RunTime:0.002910s ]
INFO: [ app_begin ] --START--
INFO: Run Behavior\ReadHtmlCacheBehavior [ RunTime:0.011883s ]
INFO: [ app_begin ] --END-- [ RunTime:0.012523s ]
SQL: SHOW COLUMNS FROM `goods` [ RunTime:0.0176s ]
SQL: SHOW COLUMNS FROM `goods` [ RunTime:0.0142s ]
SQL: SHOW COLUMNS FROM `service` [ RunTime:0.0153s ]
SQL: select * from Goods order by monthlySale desc limit 0,5 [ RunTime:0.1237s ]
INFO: [ app_end ] --START--
INFO: Run Behavior\ShowPageTraceBehavior [ RunTime:0.002401s ]
INFO: [ app_end ] --END-- [ RunTime:0.002973s ]

[ 2016-12-29T10:03:01+08:00 ] ::1 /ffhysc/index.php/goods/loadgoods.html
INFO: [ app_init ] --START--
INFO: Run Behavior\BuildLiteBehavior [ RunTime:0.000128s ]
INFO: [ app_init ] --END-- [ RunTime:0.002117s ]
INFO: [ app_begin ] --START--
INFO: Run Behavior\ReadHtmlCacheBehavior [ RunTime:0.002224s ]
INFO: [ app_begin ] --END-- [ RunTime:0.002849s ]
SQL: SHOW COLUMNS FROM `goods` [ RunTime:0.0143s ]
SQL: SHOW COLUMNS FROM `goods` [ RunTime:0.0157s ]
SQL: SHOW COLUMNS FROM `service` [ RunTime:0.0170s ]
SQL: SELECT * FROM `goods` WHERE `goodType` = 'huazhi'  [ RunTime:0.0427s ]
INFO: [ app_end ] --START--
INFO: Run Behavior\ShowPageTraceBehavior [ RunTime:0.003145s ]
INFO: [ app_end ] --END-- [ RunTime:0.004181s ]

[ 2016-12-29T10:03:01+08:00 ] ::1 /ffhysc/index.php/user/loadusermessage.html
INFO: [ app_init ] --START--
INFO: Run Behavior\BuildLiteBehavior [ RunTime:0.000138s ]
INFO: [ app_init ] --END-- [ RunTime:0.002430s ]
INFO: [ app_begin ] --START--
INFO: Run Behavior\ReadHtmlCacheBehavior [ RunTime:0.012946s ]
INFO: [ app_begin ] --END-- [ RunTime:0.013681s ]
SQL: SHOW COLUMNS FROM `user` [ RunTime:0.0178s ]
SQL: SHOW COLUMNS FROM `user` [ RunTime:0.0197s ]
SQL: SHOW COLUMNS FROM `receive` [ RunTime:0.0150s ]
SQL: SELECT * FROM `user` WHERE `id` = 4  [ RunTime:0.0013s ]
INFO: [ app_end ] --START--
INFO: Run Behavior\ShowPageTraceBehavior [ RunTime:0.003340s ]
INFO: [ app_end ] --END-- [ RunTime:0.003950s ]

[ 2016-12-29T10:03:01+08:00 ] ::1 /ffhysc/index.php/goods/loadservice.html
INFO: [ app_init ] --START--
INFO: Run Behavior\BuildLiteBehavior [ RunTime:0.000138s ]
INFO: [ app_init ] --END-- [ RunTime:0.009725s ]
INFO: [ app_begin ] --START--
INFO: Run Behavior\ReadHtmlCacheBehavior [ RunTime:0.014947s ]
INFO: [ app_begin ] --END-- [ RunTime:0.017888s ]
SQL: SHOW COLUMNS FROM `goods` [ RunTime:0.0148s ]
SQL: SHOW COLUMNS FROM `goods` [ RunTime:0.0148s ]
SQL: SHOW COLUMNS FROM `service` [ RunTime:0.0155s ]
SQL: SELECT * FROM `service` WHERE `serviceType` = 'huayike'  [ RunTime:0.0243s ]
INFO: [ app_end ] --START--
INFO: Run Behavior\ShowPageTraceBehavior [ RunTime:0.002192s ]
INFO: [ app_end ] --END-- [ RunTime:0.002806s ]

[ 2016-12-29T10:03:01+08:00 ] ::1 /ffhysc/index.php/shopcart/countorderstatusnum.html
INFO: [ app_init ] --START--
INFO: Run Behavior\BuildLiteBehavior [ RunTime:0.000151s ]
INFO: [ app_init ] --END-- [ RunTime:0.005722s ]
INFO: [ app_begin ] --START--
INFO: Run Behavior\ReadHtmlCacheBehavior [ RunTime:0.006990s ]
INFO: [ app_begin ] --END-- [ RunTime:0.007584s ]
SQL: SHOW COLUMNS FROM `shopcart` [ RunTime:0.0152s ]
SQL: SHOW COLUMNS FROM `shopcart` [ RunTime:0.0138s ]
SQL: SHOW COLUMNS FROM `orders` [ RunTime:0.0123s ]
SQL: SHOW COLUMNS FROM `user` [ RunTime:0.0115s ]
SQL: SHOW COLUMNS FROM `receive` [ RunTime:0.0156s ]
SQL: select orderstatus,count(distinct orderid) as num  from orders where customerID="4" group by orderstatus [ RunTime:0.0016s ]
INFO: [ app_end ] --START--
INFO: Run Behavior\ShowPageTraceBehavior [ RunTime:0.003262s ]
INFO: [ app_end ] --END-- [ RunTime:0.003911s ]

[ 2016-12-29T10:03:35+08:00 ] ::1 /ffhysc/index.php/index/home.html
INFO: [ app_init ] --START--
INFO: Run Behavior\BuildLiteBehavior [ RunTime:0.000144s ]
INFO: [ app_init ] --END-- [ RunTime:0.002188s ]
INFO: [ app_begin ] --START--
INFO: Run Behavior\ReadHtmlCacheBehavior [ RunTime:0.002140s ]
INFO: [ app_begin ] --END-- [ RunTime:0.002920s ]
INFO: [ view_parse ] --START--
INFO: [ template_filter ] --START--
INFO: Run Behavior\ContentReplaceBehavior [ RunTime:0.000578s ]
INFO: [ template_filter ] --END-- [ RunTime:0.000972s ]
INFO: Run Behavior\ParseTemplateBehavior [ RunTime:0.063673s ]
INFO: [ view_parse ] --END-- [ RunTime:0.064043s ]
INFO: [ view_filter ] --START--
INFO: Run Behavior\WriteHtmlCacheBehavior [ RunTime:0.001010s ]
INFO: [ view_filter ] --END-- [ RunTime:0.001342s ]
INFO: [ app_end ] --START--
INFO: Run Behavior\ShowPageTraceBehavior [ RunTime:0.002077s ]
INFO: [ app_end ] --END-- [ RunTime:0.002652s ]

[ 2016-12-29T10:03:36+08:00 ] ::1 /ffhysc/index.php/ad/loadad.html
INFO: [ app_init ] --START--
INFO: Run Behavior\BuildLiteBehavior [ RunTime:0.000142s ]
INFO: [ app_init ] --END-- [ RunTime:0.002098s ]
INFO: [ app_begin ] --START--
INFO: Run Behavior\ReadHtmlCacheBehavior [ RunTime:0.002141s ]
INFO: [ app_begin ] --END-- [ RunTime:0.002838s ]
SQL: SHOW COLUMNS FROM `ad` [ RunTime:0.0154s ]
SQL: SHOW COLUMNS FROM `ad` [ RunTime:0.0164s ]
SQL: SELECT `img1`,`img2`,`img3` FROM `ad` WHERE `position` = 'home'  [ RunTime:0.0103s ]
INFO: [ app_end ] --START--
INFO: Run Behavior\ShowPageTraceBehavior [ RunTime:0.002153s ]
INFO: [ app_end ] --END-- [ RunTime:0.002766s ]

[ 2016-12-29T10:03:36+08:00 ] ::1 /ffhysc/index.php/goods/loadrecommend.html
INFO: [ app_init ] --START--
INFO: Run Behavior\BuildLiteBehavior [ RunTime:0.000141s ]
INFO: [ app_init ] --END-- [ RunTime:0.002250s ]
INFO: [ app_begin ] --START--
INFO: Run Behavior\ReadHtmlCacheBehavior [ RunTime:0.003015s ]
INFO: [ app_begin ] --END-- [ RunTime:0.003639s ]
SQL: SHOW COLUMNS FROM `goods` [ RunTime:0.0154s ]
SQL: SHOW COLUMNS FROM `goods` [ RunTime:0.0152s ]
SQL: SHOW COLUMNS FROM `service` [ RunTime:0.0160s ]
SQL: select * from Goods order by monthlySale desc limit 0,5 [ RunTime:0.1081s ]
INFO: [ app_end ] --START--
INFO: Run Behavior\ShowPageTraceBehavior [ RunTime:0.004741s ]
INFO: [ app_end ] --END-- [ RunTime:0.005362s ]

[ 2016-12-29T10:03:37+08:00 ] ::1 /ffhysc/index.php/goods/loadrecommend.html
INFO: [ app_init ] --START--
INFO: Run Behavior\BuildLiteBehavior [ RunTime:0.000154s ]
INFO: [ app_init ] --END-- [ RunTime:0.024929s ]
INFO: [ app_begin ] --START--
INFO: Run Behavior\ReadHtmlCacheBehavior [ RunTime:0.005536s ]
INFO: [ app_begin ] --END-- [ RunTime:0.006156s ]
SQL: SHOW COLUMNS FROM `goods` [ RunTime:0.0170s ]
SQL: SHOW COLUMNS FROM `goods` [ RunTime:0.0160s ]
SQL: SHOW COLUMNS FROM `service` [ RunTime:0.0154s ]
SQL: select * from Service order by monthlySale desc limit 0,5 [ RunTime:0.0441s ]
INFO: [ app_end ] --START--
INFO: Run Behavior\ShowPageTraceBehavior [ RunTime:0.012373s ]
INFO: [ app_end ] --END-- [ RunTime:0.013445s ]

[ 2016-12-29T10:03:37+08:00 ] ::1 /ffhysc/index.php/user/loadusermessage.html
INFO: [ app_init ] --START--
INFO: Run Behavior\BuildLiteBehavior [ RunTime:0.000158s ]
INFO: [ app_init ] --END-- [ RunTime:0.009413s ]
INFO: [ app_begin ] --START--
INFO: Run Behavior\ReadHtmlCacheBehavior [ RunTime:0.044745s ]
INFO: [ app_begin ] --END-- [ RunTime:0.045342s ]
SQL: SHOW COLUMNS FROM `user` [ RunTime:0.0157s ]
SQL: SHOW COLUMNS FROM `user` [ RunTime:0.0145s ]
SQL: SHOW COLUMNS FROM `receive` [ RunTime:0.0162s ]
SQL: SELECT * FROM `user` WHERE `id` = 4  [ RunTime:0.0014s ]
INFO: [ app_end ] --START--
INFO: Run Behavior\ShowPageTraceBehavior [ RunTime:0.002454s ]
INFO: [ app_end ] --END-- [ RunTime:0.003049s ]

[ 2016-12-29T10:03:37+08:00 ] ::1 /ffhysc/index.php/shopcart/countorderstatusnum.html
INFO: [ app_init ] --START--
INFO: Run Behavior\BuildLiteBehavior [ RunTime:0.000144s ]
INFO: [ app_init ] --END-- [ RunTime:0.002171s ]
INFO: [ app_begin ] --START--
INFO: Run Behavior\ReadHtmlCacheBehavior [ RunTime:0.002173s ]
INFO: [ app_begin ] --END-- [ RunTime:0.002770s ]
SQL: SHOW COLUMNS FROM `shopcart` [ RunTime:0.0139s ]
SQL: SHOW COLUMNS FROM `shopcart` [ RunTime:0.0134s ]
SQL: SHOW COLUMNS FROM `orders` [ RunTime:0.0143s ]
SQL: SHOW COLUMNS FROM `user` [ RunTime:0.0151s ]
SQL: SHOW COLUMNS FROM `receive` [ RunTime:0.0139s ]
SQL: select orderstatus,count(distinct orderid) as num  from orders where customerID="4" group by orderstatus [ RunTime:0.0016s ]
INFO: [ app_end ] --START--
INFO: Run Behavior\ShowPageTraceBehavior [ RunTime:0.002394s ]
INFO: [ app_end ] --END-- [ RunTime:0.003041s ]

[ 2016-12-29T10:03:37+08:00 ] ::1 /ffhysc/index.php/goods/loadservice.html
INFO: [ app_init ] --START--
INFO: Run Behavior\BuildLiteBehavior [ RunTime:0.000125s ]
INFO: [ app_init ] --END-- [ RunTime:0.017233s ]
INFO: [ app_begin ] --START--
INFO: Run Behavior\ReadHtmlCacheBehavior [ RunTime:0.011809s ]
INFO: [ app_begin ] --END-- [ RunTime:0.012632s ]
SQL: SHOW COLUMNS FROM `goods` [ RunTime:0.0161s ]
SQL: SHOW COLUMNS FROM `goods` [ RunTime:0.0170s ]
SQL: SHOW COLUMNS FROM `service` [ RunTime:0.0144s ]
SQL: SELECT * FROM `service` WHERE `serviceType` = 'huayike'  [ RunTime:0.0268s ]
INFO: [ app_end ] --START--
INFO: Run Behavior\ShowPageTraceBehavior [ RunTime:0.002462s ]
INFO: [ app_end ] --END-- [ RunTime:0.003090s ]

[ 2016-12-29T10:03:38+08:00 ] ::1 /ffhysc/index.php/goods/loadgoods.html
INFO: [ app_init ] --START--
INFO: Run Behavior\BuildLiteBehavior [ RunTime:0.000171s ]
INFO: [ app_init ] --END-- [ RunTime:0.048343s ]
INFO: [ app_begin ] --START--
INFO: Run Behavior\ReadHtmlCacheBehavior [ RunTime:0.020834s ]
INFO: [ app_begin ] --END-- [ RunTime:0.021537s ]
SQL: SHOW COLUMNS FROM `goods` [ RunTime:0.0147s ]
SQL: SHOW COLUMNS FROM `goods` [ RunTime:0.0146s ]
SQL: SHOW COLUMNS FROM `service` [ RunTime:0.0150s ]
SQL: SELECT * FROM `goods` WHERE `goodType` = 'huazhi'  [ RunTime:0.0443s ]
INFO: [ app_end ] --START--
INFO: Run Behavior\ShowPageTraceBehavior [ RunTime:0.015047s ]
INFO: [ app_end ] --END-- [ RunTime:0.015771s ]

[ 2016-12-29T10:03:38+08:00 ] ::1 /ffhysc/index.php/goods/loadgoods.html
INFO: [ app_init ] --START--
INFO: Run Behavior\BuildLiteBehavior [ RunTime:0.000126s ]
INFO: [ app_init ] --END-- [ RunTime:0.002138s ]
INFO: [ app_begin ] --START--
INFO: Run Behavior\ReadHtmlCacheBehavior [ RunTime:0.002471s ]
INFO: [ app_begin ] --END-- [ RunTime:0.003151s ]
SQL: SHOW COLUMNS FROM `goods` [ RunTime:0.0155s ]
SQL: SHOW COLUMNS FROM `goods` [ RunTime:0.0145s ]
SQL: SHOW COLUMNS FROM `service` [ RunTime:0.0180s ]
SQL: SELECT * FROM `goods` WHERE `goodType` = 'ganhua'  [ RunTime:0.0136s ]
INFO: [ app_end ] --START--
INFO: Run Behavior\ShowPageTraceBehavior [ RunTime:0.002173s ]
INFO: [ app_end ] --END-- [ RunTime:0.002807s ]

[ 2016-12-29T10:03:42+08:00 ] ::1 /ffhysc/index.php/goods/loadgoods.html
INFO: [ app_init ] --START--
INFO: Run Behavior\BuildLiteBehavior [ RunTime:0.000145s ]
INFO: [ app_init ] --END-- [ RunTime:0.002626s ]
INFO: [ app_begin ] --START--
INFO: Run Behavior\ReadHtmlCacheBehavior [ RunTime:0.004969s ]
INFO: [ app_begin ] --END-- [ RunTime:0.005697s ]
SQL: SHOW COLUMNS FROM `goods` [ RunTime:0.0152s ]
SQL: SHOW COLUMNS FROM `goods` [ RunTime:0.0142s ]
SQL: SHOW COLUMNS FROM `service` [ RunTime:0.0132s ]
SQL: SELECT * FROM `goods` WHERE `goodType` = 'ganhua'  [ RunTime:0.0089s ]
INFO: [ app_end ] --START--
INFO: Run Behavior\ShowPageTraceBehavior [ RunTime:0.002098s ]
INFO: [ app_end ] --END-- [ RunTime:0.002435s ]

[ 2016-12-29T10:03:43+08:00 ] ::1 /ffhysc/index.php/goods/loadgoods.html
INFO: [ app_init ] --START--
INFO: Run Behavior\BuildLiteBehavior [ RunTime:0.000149s ]
INFO: [ app_init ] --END-- [ RunTime:0.002525s ]
INFO: [ app_begin ] --START--
INFO: Run Behavior\ReadHtmlCacheBehavior [ RunTime:0.003026s ]
INFO: [ app_begin ] --END-- [ RunTime:0.003911s ]
SQL: SHOW COLUMNS FROM `goods` [ RunTime:0.0151s ]
SQL: SHOW COLUMNS FROM `goods` [ RunTime:0.0149s ]
SQL: SHOW COLUMNS FROM `service` [ RunTime:0.0157s ]
SQL: SELECT * FROM `goods` WHERE `goodType` = 'huaqi'  [ RunTime:0.0116s ]
INFO: [ app_end ] --START--
INFO: Run Behavior\ShowPageTraceBehavior [ RunTime:0.003180s ]
INFO: [ app_end ] --END-- [ RunTime:0.003836s ]

[ 2016-12-29T10:04:15+08:00 ] ::1 /ffhysc/index.php/goods/loadgoods.html
INFO: [ app_init ] --START--
INFO: Run Behavior\BuildLiteBehavior [ RunTime:0.000440s ]
INFO: [ app_init ] --END-- [ RunTime:0.003763s ]
INFO: [ app_begin ] --START--
INFO: Run Behavior\ReadHtmlCacheBehavior [ RunTime:0.002132s ]
INFO: [ app_begin ] --END-- [ RunTime:0.002506s ]
SQL: SHOW COLUMNS FROM `goods` [ RunTime:0.0167s ]
SQL: SHOW COLUMNS FROM `goods` [ RunTime:0.0142s ]
SQL: SHOW COLUMNS FROM `service` [ RunTime:0.0183s ]
SQL: SELECT * FROM `goods` WHERE `goodType` = 'huazhi'  [ RunTime:0.0386s ]
INFO: [ app_end ] --START--
INFO: Run Behavior\ShowPageTraceBehavior [ RunTime:0.005357s ]
INFO: [ app_end ] --END-- [ RunTime:0.006097s ]

[ 2016-12-29T10:04:18+08:00 ] ::1 /ffhysc/index.php/goods/loadgoods.html
INFO: [ app_init ] --START--
INFO: Run Behavior\BuildLiteBehavior [ RunTime:0.000288s ]
INFO: [ app_init ] --END-- [ RunTime:0.003265s ]
INFO: [ app_begin ] --START--
INFO: Run Behavior\ReadHtmlCacheBehavior [ RunTime:0.003371s ]
INFO: [ app_begin ] --END-- [ RunTime:0.004103s ]
SQL: SHOW COLUMNS FROM `goods` [ RunTime:0.0157s ]
SQL: SHOW COLUMNS FROM `goods` [ RunTime:0.0169s ]
SQL: SHOW COLUMNS FROM `service` [ RunTime:0.0135s ]
SQL: SELECT * FROM `goods` WHERE `goodType` = 'shenmixiang'  [ RunTime:0.0381s ]
INFO: [ app_end ] --START--
INFO: Run Behavior\ShowPageTraceBehavior [ RunTime:0.013162s ]
INFO: [ app_end ] --END-- [ RunTime:0.014093s ]

[ 2016-12-29T10:04:21+08:00 ] ::1 /ffhysc/index.php/goods/loadgoods.html
INFO: [ app_init ] --START--
INFO: Run Behavior\BuildLiteBehavior [ RunTime:0.000187s ]
INFO: [ app_init ] --END-- [ RunTime:0.002755s ]
INFO: [ app_begin ] --START--
INFO: Run Behavior\ReadHtmlCacheBehavior [ RunTime:0.006283s ]
INFO: [ app_begin ] --END-- [ RunTime:0.007046s ]
SQL: SHOW COLUMNS FROM `goods` [ RunTime:0.0181s ]
SQL: SHOW COLUMNS FROM `goods` [ RunTime:0.0149s ]
SQL: SHOW COLUMNS FROM `service` [ RunTime:0.0146s ]
SQL: SELECT * FROM `goods` WHERE `goodType` = 'huazhi'  [ RunTime:0.0317s ]
INFO: [ app_end ] --START--
INFO: Run Behavior\ShowPageTraceBehavior [ RunTime:0.006106s ]
INFO: [ app_end ] --END-- [ RunTime:0.007824s ]

[ 2016-12-29T10:04:22+08:00 ] ::1 /ffhysc/index.php/index/detail.html?goodID=506&type=goods
INFO: [ app_init ] --START--
INFO: Run Behavior\BuildLiteBehavior [ RunTime:0.000074s ]
INFO: [ app_init ] --END-- [ RunTime:0.001678s ]
INFO: [ app_begin ] --START--
INFO: Run Behavior\ReadHtmlCacheBehavior [ RunTime:0.002121s ]
INFO: [ app_begin ] --END-- [ RunTime:0.002779s ]
INFO: [ view_parse ] --START--
INFO: [ template_filter ] --START--
INFO: Run Behavior\ContentReplaceBehavior [ RunTime:0.000403s ]
INFO: [ template_filter ] --END-- [ RunTime:0.000786s ]
INFO: Run Behavior\ParseTemplateBehavior [ RunTime:0.068855s ]
INFO: [ view_parse ] --END-- [ RunTime:0.069337s ]
INFO: [ view_filter ] --START--
INFO: Run Behavior\WriteHtmlCacheBehavior [ RunTime:0.002099s ]
INFO: [ view_filter ] --END-- [ RunTime:0.002476s ]
INFO: [ app_end ] --START--
INFO: Run Behavior\ShowPageTraceBehavior [ RunTime:0.002407s ]
INFO: [ app_end ] --END-- [ RunTime:0.002944s ]

[ 2016-12-29T10:04:23+08:00 ] ::1 /ffhysc/index.php/goods/loadgooddetail.html
INFO: [ app_init ] --START--
INFO: Run Behavior\BuildLiteBehavior [ RunTime:0.000137s ]
INFO: [ app_init ] --END-- [ RunTime:0.002255s ]
INFO: [ app_begin ] --START--
INFO: Run Behavior\ReadHtmlCacheBehavior [ RunTime:0.002811s ]
INFO: [ app_begin ] --END-- [ RunTime:0.003413s ]
SQL: SHOW COLUMNS FROM `goods` [ RunTime:0.0181s ]
SQL: SHOW COLUMNS FROM `goods` [ RunTime:0.0121s ]
SQL: SHOW COLUMNS FROM `service` [ RunTime:0.0110s ]
SQL: SELECT * FROM `goods` WHERE `id` = 506  [ RunTime:0.0304s ]
INFO: [ app_end ] --START--
INFO: Run Behavior\ShowPageTraceBehavior [ RunTime:0.004730s ]
INFO: [ app_end ] --END-- [ RunTime:0.006191s ]

[ 2016-12-29T10:04:35+08:00 ] ::1 /ffhysc/index.php/shopcart/addtoshopcart.html
INFO: [ app_init ] --START--
INFO: Run Behavior\BuildLiteBehavior [ RunTime:0.000094s ]
INFO: [ app_init ] --END-- [ RunTime:0.002207s ]
INFO: [ app_begin ] --START--
INFO: Run Behavior\ReadHtmlCacheBehavior [ RunTime:0.001631s ]
INFO: [ app_begin ] --END-- [ RunTime:0.002009s ]
SQL: SHOW COLUMNS FROM `shopcart` [ RunTime:0.0143s ]
SQL: SHOW COLUMNS FROM `shopcart` [ RunTime:0.0145s ]
SQL: SHOW COLUMNS FROM `orders` [ RunTime:0.0120s ]
SQL: SHOW COLUMNS FROM `user` [ RunTime:0.0160s ]
SQL: SHOW COLUMNS FROM `receive` [ RunTime:0.0143s ]
SQL: SELECT * FROM `shopcart` WHERE `goodID` = '506' AND `customerID` = 4 LIMIT 1   [ RunTime:0.0006s ]
SQL: INSERT INTO `shopcart` (`goodID`,`customerID`) VALUES ('506','4') [ RunTime:0.1665s ]
INFO: [ app_end ] --START--
INFO: Run Behavior\ShowPageTraceBehavior [ RunTime:0.001640s ]
INFO: [ app_end ] --END-- [ RunTime:0.001995s ]

[ 2016-12-29T10:04:38+08:00 ] ::1 /ffhysc/index.php/shopcart/makenewlist.html
INFO: [ app_init ] --START--
INFO: Run Behavior\BuildLiteBehavior [ RunTime:0.000137s ]
INFO: [ app_init ] --END-- [ RunTime:0.002308s ]
INFO: [ app_begin ] --START--
INFO: Run Behavior\ReadHtmlCacheBehavior [ RunTime:0.002388s ]
INFO: [ app_begin ] --END-- [ RunTime:0.003900s ]
SQL: SHOW COLUMNS FROM `shopcart` [ RunTime:0.0139s ]
SQL: SHOW COLUMNS FROM `shopcart` [ RunTime:0.0150s ]
SQL: SHOW COLUMNS FROM `orders` [ RunTime:0.0095s ]
SQL: SHOW COLUMNS FROM `user` [ RunTime:0.0091s ]
SQL: SHOW COLUMNS FROM `receive` [ RunTime:0.0100s ]
SQL: INSERT INTO `orders` (`orderID`,`totalMoney`,`customerID`,`orderStatus`,`orderTime`,`goodID`) VALUES ('WhYSJlWd','89','4','0','2016-12-29 10:04:38','506') [ RunTime:0.0647s ]
NOTIC: [2] Illegal offset type in isset or empty D:\PHP\myPHP\ffhysc\ThinkPHP\ThinkPHP\Library\Think\Model.class.php 第 511 行.
SQL: DELETE FROM `shopcart` WHERE `goodID` = '506' AND `customerID` = 4 [ RunTime:0.0821s ]
INFO: [ app_end ] --START--
INFO: Run Behavior\ShowPageTraceBehavior [ RunTime:0.001664s ]
INFO: [ app_end ] --END-- [ RunTime:0.002022s ]

[ 2016-12-29T10:04:38+08:00 ] ::1 /ffhysc/index.php/index/confirmed.html?orderID=WhYSJlWd&orderTime=2016-12-29%2010:04:38
INFO: [ app_init ] --START--
INFO: Run Behavior\BuildLiteBehavior [ RunTime:0.000075s ]
INFO: [ app_init ] --END-- [ RunTime:0.001399s ]
INFO: [ app_begin ] --START--
INFO: Run Behavior\ReadHtmlCacheBehavior [ RunTime:0.001470s ]
INFO: [ app_begin ] --END-- [ RunTime:0.001870s ]
INFO: [ view_parse ] --START--
INFO: [ template_filter ] --START--
INFO: Run Behavior\ContentReplaceBehavior [ RunTime:0.000527s ]
INFO: [ template_filter ] --END-- [ RunTime:0.001010s ]
INFO: Run Behavior\ParseTemplateBehavior [ RunTime:0.071020s ]
INFO: [ view_parse ] --END-- [ RunTime:0.071408s ]
INFO: [ view_filter ] --START--
INFO: Run Behavior\WriteHtmlCacheBehavior [ RunTime:0.001306s ]
INFO: [ view_filter ] --END-- [ RunTime:0.001635s ]
INFO: [ app_end ] --START--
INFO: Run Behavior\ShowPageTraceBehavior [ RunTime:0.001502s ]
INFO: [ app_end ] --END-- [ RunTime:0.001910s ]

[ 2016-12-29T10:04:39+08:00 ] ::1 /ffhysc/index.php/user/loadaddressmsg.html
INFO: [ app_init ] --START--
INFO: Run Behavior\BuildLiteBehavior [ RunTime:0.000147s ]
INFO: [ app_init ] --END-- [ RunTime:0.002145s ]
INFO: [ app_begin ] --START--
INFO: Run Behavior\ReadHtmlCacheBehavior [ RunTime:0.001968s ]
INFO: [ app_begin ] --END-- [ RunTime:0.002600s ]
SQL: SHOW COLUMNS FROM `user` [ RunTime:0.0326s ]
SQL: SHOW COLUMNS FROM `user` [ RunTime:0.0153s ]
SQL: SHOW COLUMNS FROM `receive` [ RunTime:0.0161s ]
SQL: SELECT * FROM `receive` WHERE `userID` = 4  [ RunTime:0.0012s ]
INFO: [ app_end ] --START--
INFO: Run Behavior\ShowPageTraceBehavior [ RunTime:0.001981s ]
INFO: [ app_end ] --END-- [ RunTime:0.002464s ]

[ 2016-12-29T10:04:39+08:00 ] ::1 /ffhysc/index.php/shopcart/loadconfirmlist.html
INFO: [ app_init ] --START--
INFO: Run Behavior\BuildLiteBehavior [ RunTime:0.000144s ]
INFO: [ app_init ] --END-- [ RunTime:0.002725s ]
INFO: [ app_begin ] --START--
INFO: Run Behavior\ReadHtmlCacheBehavior [ RunTime:0.002283s ]
INFO: [ app_begin ] --END-- [ RunTime:0.002977s ]
SQL: SHOW COLUMNS FROM `shopcart` [ RunTime:0.0150s ]
SQL: SHOW COLUMNS FROM `shopcart` [ RunTime:0.0120s ]
SQL: SHOW COLUMNS FROM `orders` [ RunTime:0.0134s ]
SQL: SHOW COLUMNS FROM `user` [ RunTime:0.0134s ]
SQL: SHOW COLUMNS FROM `receive` [ RunTime:0.0155s ]
SQL: SELECT * FROM `orders` INNER JOIN service ON service.id=orders.goodID  WHERE `orderID` = 'WhYSJlWd' AND `customerID` = '4' AND `orderStatus` = 0  [ RunTime:0.0210s ]
INFO: [ app_end ] --START--
INFO: Run Behavior\ShowPageTraceBehavior [ RunTime:0.002342s ]
INFO: [ app_end ] --END-- [ RunTime:0.002835s ]

[ 2016-12-29T10:04:39+08:00 ] ::1 /ffhysc/index.php/shopcart/loadconfirmlist.html
INFO: [ app_init ] --START--
INFO: Run Behavior\BuildLiteBehavior [ RunTime:0.000125s ]
INFO: [ app_init ] --END-- [ RunTime:0.002201s ]
INFO: [ app_begin ] --START--
INFO: Run Behavior\ReadHtmlCacheBehavior [ RunTime:0.002995s ]
INFO: [ app_begin ] --END-- [ RunTime:0.003650s ]
SQL: SHOW COLUMNS FROM `shopcart` [ RunTime:0.0121s ]
SQL: SHOW COLUMNS FROM `shopcart` [ RunTime:0.0135s ]
SQL: SHOW COLUMNS FROM `orders` [ RunTime:0.0119s ]
SQL: SHOW COLUMNS FROM `user` [ RunTime:0.0152s ]
SQL: SHOW COLUMNS FROM `receive` [ RunTime:0.0100s ]
SQL: SELECT * FROM `orders` INNER JOIN goods ON goods.id=orders.goodID  WHERE `orderID` = 'WhYSJlWd' AND `customerID` = '4' AND `orderStatus` = 0  [ RunTime:0.0234s ]
INFO: [ app_end ] --START--
INFO: Run Behavior\ShowPageTraceBehavior [ RunTime:0.005084s ]
INFO: [ app_end ] --END-- [ RunTime:0.006435s ]

[ 2016-12-29T10:04:42+08:00 ] ::1 /ffhysc/index.php/index/address.html
INFO: [ app_init ] --START--
INFO: Run Behavior\BuildLiteBehavior [ RunTime:0.000073s ]
INFO: [ app_init ] --END-- [ RunTime:0.001524s ]
INFO: [ app_begin ] --START--
INFO: Run Behavior\ReadHtmlCacheBehavior [ RunTime:0.005857s ]
INFO: [ app_begin ] --END-- [ RunTime:0.006766s ]
INFO: [ view_parse ] --START--
INFO: [ template_filter ] --START--
INFO: Run Behavior\ContentReplaceBehavior [ RunTime:0.000712s ]
INFO: [ template_filter ] --END-- [ RunTime:0.001410s ]
INFO: Run Behavior\ParseTemplateBehavior [ RunTime:0.068908s ]
INFO: [ view_parse ] --END-- [ RunTime:0.069517s ]
INFO: [ view_filter ] --START--
INFO: Run Behavior\WriteHtmlCacheBehavior [ RunTime:0.001832s ]
INFO: [ view_filter ] --END-- [ RunTime:0.002285s ]
INFO: [ app_end ] --START--
INFO: Run Behavior\ShowPageTraceBehavior [ RunTime:0.002610s ]
INFO: [ app_end ] --END-- [ RunTime:0.003178s ]

[ 2016-12-29T10:04:42+08:00 ] ::1 /ffhysc/index.php/user/loadaddressmsg.html
INFO: [ app_init ] --START--
INFO: Run Behavior\BuildLiteBehavior [ RunTime:0.000149s ]
INFO: [ app_init ] --END-- [ RunTime:0.002561s ]
INFO: [ app_begin ] --START--
INFO: Run Behavior\ReadHtmlCacheBehavior [ RunTime:0.017694s ]
INFO: [ app_begin ] --END-- [ RunTime:0.018320s ]
SQL: SHOW COLUMNS FROM `user` [ RunTime:0.0185s ]
SQL: SHOW COLUMNS FROM `user` [ RunTime:0.0153s ]
SQL: SHOW COLUMNS FROM `receive` [ RunTime:0.0149s ]
SQL: SELECT * FROM `receive` WHERE `userID` = 4  [ RunTime:0.0008s ]
INFO: [ app_end ] --START--
INFO: Run Behavior\ShowPageTraceBehavior [ RunTime:0.002011s ]
INFO: [ app_end ] --END-- [ RunTime:0.002295s ]

[ 2016-12-29T10:04:43+08:00 ] ::1 /ffhysc/index.php/user/changereceivedefault.html
INFO: [ app_init ] --START--
INFO: Run Behavior\BuildLiteBehavior [ RunTime:0.000073s ]
INFO: [ app_init ] --END-- [ RunTime:0.001302s ]
INFO: [ app_begin ] --START--
INFO: Run Behavior\ReadHtmlCacheBehavior [ RunTime:0.001547s ]
INFO: [ app_begin ] --END-- [ RunTime:0.001881s ]
SQL: SHOW COLUMNS FROM `user` [ RunTime:0.0124s ]
SQL: SHOW COLUMNS FROM `user` [ RunTime:0.0143s ]
SQL: SHOW COLUMNS FROM `receive` [ RunTime:0.0114s ]
NOTIC: [2] Illegal offset type in isset or empty D:\PHP\myPHP\ffhysc\ThinkPHP\ThinkPHP\Library\Think\Model.class.php 第 445 行.
SQL: UPDATE `receive` SET `default`='0',`userID`='4' WHERE ( userID=4 ) [ RunTime:0.0897s ]
NOTIC: [2] Illegal offset type in isset or empty D:\PHP\myPHP\ffhysc\ThinkPHP\ThinkPHP\Library\Think\Model.class.php 第 445 行.
SQL: UPDATE `receive` SET `receiveID`='2',`default`='1' WHERE ( receiveID=2 ) [ RunTime:0.1113s ]
INFO: [ app_end ] --START--
INFO: Run Behavior\ShowPageTraceBehavior [ RunTime:0.002023s ]
INFO: [ app_end ] --END-- [ RunTime:0.002583s ]

[ 2016-12-29T10:04:44+08:00 ] ::1 /ffhysc/index.php/user/changereceivedefault.html
INFO: [ app_init ] --START--
INFO: Run Behavior\BuildLiteBehavior [ RunTime:0.000073s ]
INFO: [ app_init ] --END-- [ RunTime:0.001507s ]
INFO: [ app_begin ] --START--
INFO: Run Behavior\ReadHtmlCacheBehavior [ RunTime:0.001903s ]
INFO: [ app_begin ] --END-- [ RunTime:0.002276s ]
SQL: SHOW COLUMNS FROM `user` [ RunTime:0.0149s ]
SQL: SHOW COLUMNS FROM `user` [ RunTime:0.0180s ]
SQL: SHOW COLUMNS FROM `receive` [ RunTime:0.0159s ]
NOTIC: [2] Illegal offset type in isset or empty D:\PHP\myPHP\ffhysc\ThinkPHP\ThinkPHP\Library\Think\Model.class.php 第 445 行.
SQL: UPDATE `receive` SET `default`='0',`userID`='4' WHERE ( userID=4 ) [ RunTime:0.0666s ]
NOTIC: [2] Illegal offset type in isset or empty D:\PHP\myPHP\ffhysc\ThinkPHP\ThinkPHP\Library\Think\Model.class.php 第 445 行.
SQL: UPDATE `receive` SET `receiveID`='2',`default`='1' WHERE ( receiveID=2 ) [ RunTime:0.0297s ]
INFO: [ app_end ] --START--
INFO: Run Behavior\ShowPageTraceBehavior [ RunTime:0.003691s ]
INFO: [ app_end ] --END-- [ RunTime:0.004444s ]

[ 2016-12-29T10:04:44+08:00 ] ::1 /ffhysc/index.php/user/changereceivedefault.html
INFO: [ app_init ] --START--
INFO: Run Behavior\BuildLiteBehavior [ RunTime:0.000076s ]
INFO: [ app_init ] --END-- [ RunTime:0.001385s ]
INFO: [ app_begin ] --START--
INFO: Run Behavior\ReadHtmlCacheBehavior [ RunTime:0.002347s ]
INFO: [ app_begin ] --END-- [ RunTime:0.003079s ]
SQL: SHOW COLUMNS FROM `user` [ RunTime:0.0164s ]
SQL: SHOW COLUMNS FROM `user` [ RunTime:0.0183s ]
SQL: SHOW COLUMNS FROM `receive` [ RunTime:0.0162s ]
NOTIC: [2] Illegal offset type in isset or empty D:\PHP\myPHP\ffhysc\ThinkPHP\ThinkPHP\Library\Think\Model.class.php 第 445 行.
SQL: UPDATE `receive` SET `default`='0',`userID`='4' WHERE ( userID=4 ) [ RunTime:0.0521s ]
NOTIC: [2] Illegal offset type in isset or empty D:\PHP\myPHP\ffhysc\ThinkPHP\ThinkPHP\Library\Think\Model.class.php 第 445 行.
SQL: UPDATE `receive` SET `receiveID`='4',`default`='1' WHERE ( receiveID=4 ) [ RunTime:0.0610s ]
INFO: [ app_end ] --START--
INFO: Run Behavior\ShowPageTraceBehavior [ RunTime:0.002878s ]
INFO: [ app_end ] --END-- [ RunTime:0.003472s ]

[ 2016-12-29T10:04:44+08:00 ] ::1 /ffhysc/index.php/user/changereceivedefault.html
INFO: [ app_init ] --START--
INFO: Run Behavior\BuildLiteBehavior [ RunTime:0.000142s ]
INFO: [ app_init ] --END-- [ RunTime:0.002661s ]
INFO: [ app_begin ] --START--
INFO: Run Behavior\ReadHtmlCacheBehavior [ RunTime:0.006595s ]
INFO: [ app_begin ] --END-- [ RunTime:0.007264s ]
SQL: SHOW COLUMNS FROM `user` [ RunTime:0.0147s ]
SQL: SHOW COLUMNS FROM `user` [ RunTime:0.0171s ]
SQL: SHOW COLUMNS FROM `receive` [ RunTime:0.0145s ]
NOTIC: [2] Illegal offset type in isset or empty D:\PHP\myPHP\ffhysc\ThinkPHP\ThinkPHP\Library\Think\Model.class.php 第 445 行.
SQL: UPDATE `receive` SET `default`='0',`userID`='4' WHERE ( userID=4 ) [ RunTime:0.0475s ]
NOTIC: [2] Illegal offset type in isset or empty D:\PHP\myPHP\ffhysc\ThinkPHP\ThinkPHP\Library\Think\Model.class.php 第 445 行.
SQL: UPDATE `receive` SET `receiveID`='4',`default`='1' WHERE ( receiveID=4 ) [ RunTime:0.0413s ]
INFO: [ app_end ] --START--
INFO: Run Behavior\ShowPageTraceBehavior [ RunTime:0.001459s ]
INFO: [ app_end ] --END-- [ RunTime:0.001746s ]

[ 2016-12-29T10:04:45+08:00 ] ::1 /ffhysc/index.php/shopcart/loadconfirmlist.html
INFO: [ app_init ] --START--
INFO: Run Behavior\BuildLiteBehavior [ RunTime:0.000143s ]
INFO: [ app_init ] --END-- [ RunTime:0.002610s ]
INFO: [ app_begin ] --START--
INFO: Run Behavior\ReadHtmlCacheBehavior [ RunTime:0.002035s ]
INFO: [ app_begin ] --END-- [ RunTime:0.002689s ]
SQL: SHOW COLUMNS FROM `shopcart` [ RunTime:0.0146s ]
SQL: SHOW COLUMNS FROM `shopcart` [ RunTime:0.0138s ]
SQL: SHOW COLUMNS FROM `orders` [ RunTime:0.0183s ]
SQL: SHOW COLUMNS FROM `user` [ RunTime:0.0162s ]
SQL: SHOW COLUMNS FROM `receive` [ RunTime:0.0181s ]
SQL: SELECT * FROM `orders` INNER JOIN goods ON goods.id=orders.goodID  WHERE `orderID` = 'WhYSJlWd' AND `customerID` = '4' AND `orderStatus` = 0  [ RunTime:0.0311s ]
INFO: [ app_end ] --START--
INFO: Run Behavior\ShowPageTraceBehavior [ RunTime:0.006077s ]
INFO: [ app_end ] --END-- [ RunTime:0.006884s ]

[ 2016-12-29T10:04:45+08:00 ] ::1 /ffhysc/index.php/shopcart/loadconfirmlist.html
INFO: [ app_init ] --START--
INFO: Run Behavior\BuildLiteBehavior [ RunTime:0.000158s ]
INFO: [ app_init ] --END-- [ RunTime:0.002111s ]
INFO: [ app_begin ] --START--
INFO: Run Behavior\ReadHtmlCacheBehavior [ RunTime:0.002110s ]
INFO: [ app_begin ] --END-- [ RunTime:0.002758s ]
SQL: SHOW COLUMNS FROM `shopcart` [ RunTime:0.0153s ]
SQL: SHOW COLUMNS FROM `shopcart` [ RunTime:0.0161s ]
SQL: SHOW COLUMNS FROM `orders` [ RunTime:0.0159s ]
SQL: SHOW COLUMNS FROM `user` [ RunTime:0.0159s ]
SQL: SHOW COLUMNS FROM `receive` [ RunTime:0.0168s ]
SQL: SELECT * FROM `orders` INNER JOIN service ON service.id=orders.goodID  WHERE `orderID` = 'WhYSJlWd' AND `customerID` = '4' AND `orderStatus` = 0  [ RunTime:0.0015s ]
INFO: [ app_end ] --START--
INFO: Run Behavior\ShowPageTraceBehavior [ RunTime:0.001998s ]
INFO: [ app_end ] --END-- [ RunTime:0.002434s ]

[ 2016-12-29T10:04:45+08:00 ] ::1 /ffhysc/index.php/user/loadaddressmsg.html
INFO: [ app_init ] --START--
INFO: Run Behavior\BuildLiteBehavior [ RunTime:0.000144s ]
INFO: [ app_init ] --END-- [ RunTime:0.002856s ]
INFO: [ app_begin ] --START--
INFO: Run Behavior\ReadHtmlCacheBehavior [ RunTime:0.002643s ]
INFO: [ app_begin ] --END-- [ RunTime:0.003297s ]
SQL: SHOW COLUMNS FROM `user` [ RunTime:0.0166s ]
SQL: SHOW COLUMNS FROM `user` [ RunTime:0.0139s ]
SQL: SHOW COLUMNS FROM `receive` [ RunTime:0.0143s ]
SQL: SELECT * FROM `receive` WHERE `userID` = 4  [ RunTime:0.0009s ]
INFO: [ app_end ] --START--
INFO: Run Behavior\ShowPageTraceBehavior [ RunTime:0.002748s ]
INFO: [ app_end ] --END-- [ RunTime:0.003282s ]

[ 2016-12-29T17:44:59+08:00 ] ::1 /ffhysc/
INFO: [ app_init ] --START--
INFO: Run Behavior\BuildLiteBehavior [ RunTime:0.000045s ]
INFO: [ app_init ] --END-- [ RunTime:0.139218s ]
INFO: [ app_begin ] --START--
INFO: Run Behavior\ReadHtmlCacheBehavior [ RunTime:0.055167s ]
INFO: [ app_begin ] --END-- [ RunTime:0.055356s ]
INFO: [ view_parse ] --START--
INFO: [ template_filter ] --START--
INFO: Run Behavior\ContentReplaceBehavior [ RunTime:0.000119s ]
INFO: [ template_filter ] --END-- [ RunTime:0.000262s ]
INFO: Run Behavior\ParseTemplateBehavior [ RunTime:0.282500s ]
INFO: [ view_parse ] --END-- [ RunTime:0.282677s ]
INFO: [ view_filter ] --START--
INFO: Run Behavior\WriteHtmlCacheBehavior [ RunTime:0.033535s ]
INFO: [ view_filter ] --END-- [ RunTime:0.033716s ]
INFO: [ app_end ] --START--
INFO: Run Behavior\ShowPageTraceBehavior [ RunTime:0.052488s ]
INFO: [ app_end ] --END-- [ RunTime:0.052652s ]

[ 2016-12-29T22:16:56+08:00 ] ::1 /ffhysc/
INFO: [ app_init ] --START--
INFO: Run Behavior\BuildLiteBehavior [ RunTime:0.000047s ]
INFO: [ app_init ] --END-- [ RunTime:0.012634s ]
INFO: [ app_begin ] --START--
INFO: Run Behavior\ReadHtmlCacheBehavior [ RunTime:0.020180s ]
INFO: [ app_begin ] --END-- [ RunTime:0.020369s ]
INFO: [ view_parse ] --START--
INFO: [ template_filter ] --START--
INFO: Run Behavior\ContentReplaceBehavior [ RunTime:0.000122s ]
INFO: [ template_filter ] --END-- [ RunTime:0.000268s ]
INFO: Run Behavior\ParseTemplateBehavior [ RunTime:0.081827s ]
INFO: [ view_parse ] --END-- [ RunTime:0.082130s ]
INFO: [ view_filter ] --START--
INFO: Run Behavior\WriteHtmlCacheBehavior [ RunTime:0.012942s ]
INFO: [ view_filter ] --END-- [ RunTime:0.013106s ]
INFO: [ app_end ] --START--
INFO: Run Behavior\ShowPageTraceBehavior [ RunTime:0.001021s ]
INFO: [ app_end ] --END-- [ RunTime:0.001159s ]

[ 2016-12-29T22:17:10+08:00 ] ::1 /ffhysc/
INFO: [ app_init ] --START--
INFO: Run Behavior\BuildLiteBehavior [ RunTime:0.000033s ]
INFO: [ app_init ] --END-- [ RunTime:0.000603s ]
INFO: [ app_begin ] --START--
INFO: Run Behavior\ReadHtmlCacheBehavior [ RunTime:0.000735s ]
INFO: [ app_begin ] --END-- [ RunTime:0.000893s ]
INFO: [ view_parse ] --START--
INFO: [ template_filter ] --START--
INFO: Run Behavior\ContentReplaceBehavior [ RunTime:0.000125s ]
INFO: [ template_filter ] --END-- [ RunTime:0.000267s ]
INFO: Run Behavior\ParseTemplateBehavior [ RunTime:0.008070s ]
INFO: [ view_parse ] --END-- [ RunTime:0.008230s ]
INFO: [ view_filter ] --START--
INFO: Run Behavior\WriteHtmlCacheBehavior [ RunTime:0.000495s ]
INFO: [ view_filter ] --END-- [ RunTime:0.000632s ]
INFO: [ app_end ] --START--
INFO: Run Behavior\ShowPageTraceBehavior [ RunTime:0.000735s ]
INFO: [ app_end ] --END-- [ RunTime:0.000880s ]

[ 2016-12-29T22:17:27+08:00 ] ::1 /ffhysc/
INFO: [ app_init ] --START--
INFO: Run Behavior\BuildLiteBehavior [ RunTime:0.000032s ]
INFO: [ app_init ] --END-- [ RunTime:0.000588s ]
INFO: [ app_begin ] --START--
INFO: Run Behavior\ReadHtmlCacheBehavior [ RunTime:0.000704s ]
INFO: [ app_begin ] --END-- [ RunTime:0.000881s ]
INFO: [ view_parse ] --START--
INFO: [ template_filter ] --START--
INFO: Run Behavior\ContentReplaceBehavior [ RunTime:0.000140s ]
INFO: [ template_filter ] --END-- [ RunTime:0.000330s ]
INFO: Run Behavior\ParseTemplateBehavior [ RunTime:0.010615s ]
INFO: [ view_parse ] --END-- [ RunTime:0.010774s ]
INFO: [ view_filter ] --START--
INFO: Run Behavior\WriteHtmlCacheBehavior [ RunTime:0.000517s ]
INFO: [ view_filter ] --END-- [ RunTime:0.000652s ]
INFO: [ app_end ] --START--
INFO: Run Behavior\ShowPageTraceBehavior [ RunTime:0.000631s ]
INFO: [ app_end ] --END-- [ RunTime:0.000766s ]

[ 2016-12-29T22:17:35+08:00 ] ::1 /ffhysc/
INFO: [ app_init ] --START--
INFO: Run Behavior\BuildLiteBehavior [ RunTime:0.000034s ]
INFO: [ app_init ] --END-- [ RunTime:0.000620s ]
INFO: [ app_begin ] --START--
INFO: Run Behavior\ReadHtmlCacheBehavior [ RunTime:0.000977s ]
INFO: [ app_begin ] --END-- [ RunTime:0.001327s ]
INFO: [ view_parse ] --START--
INFO: [ template_filter ] --START--
INFO: Run Behavior\ContentReplaceBehavior [ RunTime:0.000137s ]
INFO: [ template_filter ] --END-- [ RunTime:0.000326s ]
INFO: Run Behavior\ParseTemplateBehavior [ RunTime:0.009222s ]
INFO: [ view_parse ] --END-- [ RunTime:0.009385s ]
INFO: [ view_filter ] --START--
INFO: Run Behavior\WriteHtmlCacheBehavior [ RunTime:0.000371s ]
INFO: [ view_filter ] --END-- [ RunTime:0.000504s ]
INFO: [ app_end ] --START--
INFO: Run Behavior\ShowPageTraceBehavior [ RunTime:0.000527s ]
INFO: [ app_end ] --END-- [ RunTime:0.000662s ]

[ 2016-12-29T22:17:37+08:00 ] ::1 /ffhysc/
INFO: [ app_init ] --START--
INFO: Run Behavior\BuildLiteBehavior [ RunTime:0.000035s ]
INFO: [ app_init ] --END-- [ RunTime:0.000611s ]
INFO: [ app_begin ] --START--
INFO: Run Behavior\ReadHtmlCacheBehavior [ RunTime:0.000562s ]
INFO: [ app_begin ] --END-- [ RunTime:0.000728s ]
INFO: [ view_parse ] --START--
INFO: [ template_filter ] --START--
INFO: Run Behavior\ContentReplaceBehavior [ RunTime:0.000134s ]
INFO: [ template_filter ] --END-- [ RunTime:0.000285s ]
INFO: Run Behavior\ParseTemplateBehavior [ RunTime:0.008256s ]
INFO: [ view_parse ] --END-- [ RunTime:0.008404s ]
INFO: [ view_filter ] --START--
INFO: Run Behavior\WriteHtmlCacheBehavior [ RunTime:0.000415s ]
INFO: [ view_filter ] --END-- [ RunTime:0.000548s ]
INFO: [ app_end ] --START--
INFO: Run Behavior\ShowPageTraceBehavior [ RunTime:0.000560s ]
INFO: [ app_end ] --END-- [ RunTime:0.000700s ]

