[ 2016-12-24T10:49:28+08:00 ] ::1 /ffhysc/index.php/index/list.html?setID=undefined
INFO: [ app_init ] --START--
INFO: Run Behavior\BuildLiteBehavior [ RunTime:0.000032s ]
INFO: [ app_init ] --END-- [ RunTime:0.013259s ]
INFO: [ app_begin ] --START--
INFO: Run Behavior\ReadHtmlCacheBehavior [ RunTime:0.020113s ]
INFO: [ app_begin ] --END-- [ RunTime:0.020293s ]
INFO: [ view_parse ] --START--
INFO: [ template_filter ] --START--
INFO: Run Behavior\ContentReplaceBehavior [ RunTime:0.000161s ]
INFO: [ template_filter ] --END-- [ RunTime:0.000341s ]
INFO: Run Behavior\ParseTemplateBehavior [ RunTime:0.156096s ]
INFO: [ view_parse ] --END-- [ RunTime:0.156263s ]
INFO: [ view_filter ] --START--
INFO: Run Behavior\WriteHtmlCacheBehavior [ RunTime:0.016448s ]
INFO: [ view_filter ] --END-- [ RunTime:0.016648s ]
INFO: [ app_end ] --START--
INFO: Run Behavior\ShowPageTraceBehavior [ RunTime:0.013943s ]
INFO: [ app_end ] --END-- [ RunTime:0.014338s ]

[ 2016-12-24T10:49:30+08:00 ] ::1 /ffhysc/index.php/shopcart/loadorderbizlist.html
INFO: [ app_init ] --START--
INFO: Run Behavior\BuildLiteBehavior [ RunTime:0.000062s ]
INFO: [ app_init ] --END-- [ RunTime:0.001078s ]
INFO: [ app_begin ] --START--
INFO: Run Behavior\ReadHtmlCacheBehavior [ RunTime:0.001344s ]
INFO: [ app_begin ] --END-- [ RunTime:0.001604s ]
SQL: SHOW COLUMNS FROM `shopcart` [ RunTime:0.0725s ]
SQL: SHOW COLUMNS FROM `shopcart` [ RunTime:0.0050s ]
SQL: SHOW COLUMNS FROM `orders` [ RunTime:0.0886s ]
SQL: SHOW COLUMNS FROM `user` [ RunTime:0.0905s ]
SQL: SHOW COLUMNS FROM `receive` [ RunTime:0.0709s ]
SQL: SELECT `orderid`,`img1`,`name`,`totalmoney` FROM `orders` INNER JOIN service ON service.id=orders.goodID  WHERE `orderStatus` = '' GROUP BY orderID  [ RunTime:0.2389s ]
INFO: [ app_end ] --START--
INFO: Run Behavior\ShowPageTraceBehavior [ RunTime:0.001633s ]
INFO: [ app_end ] --END-- [ RunTime:0.001925s ]

[ 2016-12-24T10:49:30+08:00 ] ::1 /ffhysc/index.php/shopcart/loadorderbizlist.html
INFO: [ app_init ] --START--
INFO: Run Behavior\BuildLiteBehavior [ RunTime:0.000057s ]
INFO: [ app_init ] --END-- [ RunTime:0.000987s ]
INFO: [ app_begin ] --START--
INFO: Run Behavior\ReadHtmlCacheBehavior [ RunTime:0.001339s ]
INFO: [ app_begin ] --END-- [ RunTime:0.001618s ]
SQL: SHOW COLUMNS FROM `shopcart` [ RunTime:0.0061s ]
SQL: SHOW COLUMNS FROM `shopcart` [ RunTime:0.0086s ]
SQL: SHOW COLUMNS FROM `orders` [ RunTime:0.0099s ]
SQL: SHOW COLUMNS FROM `user` [ RunTime:0.0067s ]
SQL: SHOW COLUMNS FROM `receive` [ RunTime:0.0063s ]
SQL: SELECT `orderid`,`img1`,`name`,`totalmoney` FROM `orders` INNER JOIN goods ON goods.id=orders.goodID  WHERE `orderStatus` = '' GROUP BY orderID  [ RunTime:0.1517s ]
INFO: [ app_end ] --START--
INFO: Run Behavior\ShowPageTraceBehavior [ RunTime:0.001317s ]
INFO: [ app_end ] --END-- [ RunTime:0.001527s ]

